SF:lib/infrastructure/db/verstamp.dart
DA:5,1
DA:6,1
DA:9,1
DA:10,1
LF:4
LH:4
end_of_record
SF:lib/infrastructure/db/driver.dart
DA:7,0
DA:8,0
DA:9,0
DA:12,0
DA:13,0
DA:16,0
DA:17,0
DA:20,0
DA:21,0
LF:9
LH:0
end_of_record
SF:lib/infrastructure/db/localstorage.dart
DA:18,1
DA:20,0
DA:22,1
DA:23,1
DA:28,1
DA:31,0
DA:33,0
DA:40,0
DA:43,1
DA:44,1
DA:45,4
DA:48,0
DA:49,0
DA:50,0
DA:52,0
DA:55,1
DA:56,3
DA:60,1
DA:61,1
DA:64,1
DA:66,1
DA:68,3
DA:69,1
DA:75,3
DA:76,1
DA:81,3
DA:82,3
DA:84,2
DA:85,2
DA:86,2
DA:90,0
DA:91,0
DA:92,0
DA:96,1
DA:97,1
DA:98,1
DA:100,2
DA:104,3
DA:107,6
DA:108,2
DA:109,2
DA:113,1
DA:114,2
DA:123,2
DA:124,2
DA:125,2
DA:129,1
DA:130,1
DA:131,3
DA:132,2
LF:50
LH:39
end_of_record
SF:lib/infrastructure/db/storeobject.dart
DA:10,1
DA:11,1
DA:13,1
DA:14,1
DA:15,2
DA:16,2
DA:17,3
DA:18,2
DA:19,2
DA:23,1
DA:24,1
DA:25,1
DA:26,1
DA:27,2
DA:28,1
DA:29,1
DA:37,1
DA:39,1
DA:40,1
DA:41,2
DA:42,1
DA:43,1
DA:46,3
DA:51,1
DA:52,6
LF:25
LH:25
end_of_record
SF:lib/infrastructure/uid/id.dart
DA:4,1
DA:5,1
DA:8,0
DA:10,1
DA:11,1
DA:13,0
DA:15,1
DA:17,4
DA:20,1
DA:21,2
LF:10
LH:8
end_of_record
SF:lib/infrastructure/subscription/channel.dart
DA:9,0
DA:10,0
DA:13,1
DA:14,2
DA:21,1
DA:27,0
DA:28,0
DA:29,0
DA:33,1
DA:34,3
LF:10
LH:5
end_of_record
SF:lib/infrastructure/modularity/inject.dart
DA:6,1
DA:7,1
DA:10,1
DA:11,1
DA:12,1
DA:14,0
DA:15,0
DA:18,2
DA:19,0
LF:9
LH:6
end_of_record
SF:lib/infrastructure/modularity/ioc.dart
DA:3,0
DA:6,0
DA:8,0
DA:9,0
DA:12,0
DA:13,0
DA:16,0
DA:17,0
DA:21,0
DA:22,0
DA:27,0
DA:28,0
DA:30,0
DA:31,0
DA:32,0
DA:33,0
DA:36,0
DA:37,0
DA:40,0
DA:41,0
LF:20
LH:0
end_of_record
SF:lib/infrastructure/subscription/subscribable.dart
DA:6,0
DA:7,0
DA:8,0
DA:10,0
LF:4
LH:0
end_of_record
